{
  "RSpec": {
    "coverage": {
      "/Users/eastagile/code/funny_chat/config/environment.rb": [
        null,
        1,
        null,
        null,
        1
      ],
      "/Users/eastagile/code/funny_chat/config/application.rb": [
        1,
        null,
        1,
        null,
        1,
        null,
        1,
        null,
        null,
        null,
        null,
        1,
        1,
        null,
        null,
        null,
        null,
        null,
        null,
        null,
        null,
        null,
        null,
        null,
        null,
        null,
        null,
        null,
        null,
        null,
        null,
        null,
        null,
        null,
        null,
        null,
        1,
        null,
        null,
        1,
        null,
        null,
        1,
        null,
        null,
        null,
        null,
        null,
        null,
        null,
        null,
        null,
        null,
        1,
        null,
        null,
        1,
        null,
        null,
        1,
        null,
        null
      ],
      "/Users/eastagile/code/funny_chat/config/boot.rb": [
        1,
        null,
        null,
        1,
        null,
        1
      ],
      "/Users/eastagile/code/funny_chat/config/environments/test.rb": [
        1,
        null,
        null,
        null,
        null,
        null,
        null,
        1,
        null,
        null,
        1,
        1,
        null,
        null,
        1,
        null,
        null,
        1,
        1,
        null,
        null,
        1,
        null,
        null,
        1,
        null,
        null,
        null,
        null,
        1,
        null,
        null,
        1,
        null,
        null,
        1,
        null
      ],
      "/Users/eastagile/code/funny_chat/config/initializers/backtrace_silencers.rb": [
        null,
        null,
        null,
        null,
        null,
        null,
        null
      ],
      "/Users/eastagile/code/funny_chat/config/initializers/inflections.rb": [
        null,
        null,
        null,
        null,
        null,
        null,
        null,
        null,
        null,
        null,
        null,
        null,
        null,
        null,
        null
      ],
      "/Users/eastagile/code/funny_chat/config/initializers/mime_types.rb": [
        null,
        null,
        null,
        null,
        null
      ],
      "/Users/eastagile/code/funny_chat/config/initializers/secret_token.rb": [
        null,
        null,
        null,
        null,
        null,
        null,
        1
      ],
      "/Users/eastagile/code/funny_chat/config/initializers/session_store.rb": [
        null,
        null,
        1,
        null,
        null,
        null,
        null,
        null
      ],
      "/Users/eastagile/code/funny_chat/config/initializers/wrap_parameters.rb": [
        null,
        null,
        null,
        null,
        null,
        null,
        1,
        1,
        null,
        null,
        null,
        1,
        1,
        null
      ],
      "/Users/eastagile/code/funny_chat/app/controllers/application_controller.rb": [
        1,
        1,
        null,
        1,
        1,
        2,
        1,
        1,
        null,
        1,
        1,
        null,
        null,
        null,
        1,
        3,
        1,
        1,
        null,
        2,
        null,
        null,
        null
      ],
      "/Users/eastagile/code/funny_chat/app/helpers/application_helper.rb": [
        1,
        null
      ],
      "/Users/eastagile/code/funny_chat/app/helpers/chat_helper.rb": [
        1,
        null
      ],
      "/Users/eastagile/code/funny_chat/app/helpers/session_helper.rb": [
        1,
        null
      ],
      "/Users/eastagile/code/funny_chat/app/helpers/users_helper.rb": [
        1,
        null
      ],
      "/Users/eastagile/code/funny_chat/app/controllers/chat_controller.rb": [
        1,
        1,
        null,
        1,
        null,
        null,
        null
      ],
      "/Users/eastagile/code/funny_chat/app/controllers/session_controller.rb": [
        1,
        null,
        1,
        1,
        null,
        1,
        null,
        null,
        1,
        2,
        1,
        1,
        null,
        1,
        null,
        null,
        null,
        1,
        1,
        1,
        null,
        null
      ],
      "/Users/eastagile/code/funny_chat/app/controllers/users_controller.rb": [
        1,
        null,
        null,
        null,
        1,
        0,
        null,
        0,
        0,
        0,
        null,
        null,
        null,
        null,
        null,
        1,
        2,
        2,
        2,
        2,
        null,
        2,
        1,
        null,
        null,
        null,
        null
      ],
      "/Users/eastagile/code/funny_chat/app/models/user.rb": [
        1,
        null,
        1,
        null,
        1,
        1,
        null,
        1,
        1,
        1,
        1,
        1,
        null,
        1,
        null,
        1,
        3,
        3,
        2,
        null,
        null,
        null,
        null,
        null,
        1,
        16,
        16,
        16,
        null,
        null,
        null
      ],
      "/Users/eastagile/code/funny_chat/config/routes.rb": [
        1,
        1,
        null,
        1,
        1,
        1,
        1,
        null,
        null,
        1,
        1,
        null,
        null,
        1,
        null,
        null,
        null,
        null,
        null,
        null,
        null,
        null,
        null,
        null,
        null,
        null,
        null,
        null,
        null,
        null,
        null,
        null,
        null,
        null,
        null,
        null,
        null,
        null,
        null,
        null,
        null,
        null,
        null,
        null,
        null,
        null,
        null,
        null,
        null,
        null,
        null,
        null,
        null,
        null,
        null,
        null,
        null,
        null,
        null,
        null,
        null,
        null,
        null,
        null,
        null,
        1,
        null,
        null,
        null,
        null,
        null,
        null,
        null
      ],
      "/Users/eastagile/code/funny_chat/spec/factories/users.rb": [
        1,
        null,
        1,
        1,
        1,
        1,
        1,
        1,
        1,
        null,
        null,
        1,
        1,
        1,
        1,
        1,
        1,
        null,
        null,
        1,
        1,
        null,
        null
      ],
      "/Users/eastagile/code/funny_chat/spec/controllers/users_controller_spec.rb": [
        1,
        null,
        1,
        1,
        2,
        2,
        null,
        null,
        1,
        1,
        1,
        1,
        1,
        null,
        null,
        1,
        1,
        1,
        null,
        null,
        null,
        null,
        null,
        null
      ],
      "/Users/eastagile/code/funny_chat/spec/models/user_spec.rb": [
        1,
        null,
        null,
        1,
        11,
        null,
        2,
        2,
        2,
        2,
        2,
        2,
        2,
        null,
        1,
        1,
        1,
        null,
        null,
        null,
        1,
        1,
        1,
        null,
        null,
        null,
        1,
        1,
        1,
        1,
        null,
        null,
        null
      ]
    },
    "timestamp": 1350276300
  },
  "Cucumber Features": {
    "coverage": {
      "/Users/eastagile/code/funny_chat/config/environment.rb": [
        null,
        1,
        null,
        null,
        1
      ],
      "/Users/eastagile/code/funny_chat/config/application.rb": [
        1,
        null,
        1,
        null,
        1,
        null,
        1,
        null,
        null,
        null,
        null,
        1,
        1,
        null,
        null,
        null,
        null,
        null,
        null,
        null,
        null,
        null,
        null,
        null,
        null,
        null,
        null,
        null,
        null,
        null,
        null,
        null,
        null,
        null,
        null,
        null,
        1,
        null,
        null,
        1,
        null,
        null,
        1,
        null,
        null,
        null,
        null,
        null,
        null,
        null,
        null,
        null,
        null,
        1,
        null,
        null,
        1,
        null,
        null,
        1,
        null,
        null
      ],
      "/Users/eastagile/code/funny_chat/config/boot.rb": [
        1,
        null,
        null,
        1,
        null,
        1
      ],
      "/Users/eastagile/code/funny_chat/config/environments/test.rb": [
        1,
        null,
        null,
        null,
        null,
        null,
        null,
        1,
        null,
        null,
        1,
        1,
        null,
        null,
        1,
        null,
        null,
        1,
        1,
        null,
        null,
        1,
        null,
        null,
        1,
        null,
        null,
        null,
        null,
        1,
        null,
        null,
        1,
        null,
        null,
        1,
        null
      ],
      "/Users/eastagile/code/funny_chat/config/initializers/backtrace_silencers.rb": [
        null,
        null,
        null,
        null,
        null,
        null,
        null
      ],
      "/Users/eastagile/code/funny_chat/config/initializers/inflections.rb": [
        null,
        null,
        null,
        null,
        null,
        null,
        null,
        null,
        null,
        null,
        null,
        null,
        null,
        null,
        null
      ],
      "/Users/eastagile/code/funny_chat/config/initializers/mime_types.rb": [
        null,
        null,
        null,
        null,
        null
      ],
      "/Users/eastagile/code/funny_chat/config/initializers/secret_token.rb": [
        null,
        null,
        null,
        null,
        null,
        null,
        1
      ],
      "/Users/eastagile/code/funny_chat/config/initializers/session_store.rb": [
        null,
        null,
        1,
        null,
        null,
        null,
        null,
        null
      ],
      "/Users/eastagile/code/funny_chat/config/initializers/wrap_parameters.rb": [
        null,
        null,
        null,
        null,
        null,
        null,
        1,
        1,
        null,
        null,
        null,
        1,
        1,
        null
      ],
      "/Users/eastagile/code/funny_chat/app/controllers/application_controller.rb": [
        1,
        1,
        null,
        1,
        1,
        3,
        0,
        0,
        null,
        3,
        3,
        null,
        null,
        null,
        1,
        15,
        0,
        0,
        null,
        15,
        null,
        null,
        null
      ],
      "/Users/eastagile/code/funny_chat/app/helpers/application_helper.rb": [
        1,
        null
      ],
      "/Users/eastagile/code/funny_chat/app/helpers/chat_helper.rb": [
        1,
        null
      ],
      "/Users/eastagile/code/funny_chat/app/helpers/session_helper.rb": [
        1,
        null
      ],
      "/Users/eastagile/code/funny_chat/app/helpers/users_helper.rb": [
        1,
        null
      ],
      "/Users/eastagile/code/funny_chat/app/controllers/chat_controller.rb": [
        1,
        1,
        null,
        1,
        null,
        null,
        null
      ],
      "/Users/eastagile/code/funny_chat/app/controllers/session_controller.rb": [
        1,
        null,
        1,
        1,
        null,
        1,
        null,
        null,
        1,
        3,
        2,
        2,
        null,
        1,
        null,
        null,
        null,
        1,
        1,
        1,
        null,
        null
      ],
      "/Users/eastagile/code/funny_chat/app/controllers/users_controller.rb": [
        1,
        null,
        null,
        null,
        1,
        6,
        null,
        6,
        6,
        6,
        null,
        null,
        null,
        null,
        null,
        1,
        6,
        6,
        6,
        2,
        null,
        10,
        5,
        null,
        null,
        null,
        null
      ],
      "/Users/eastagile/code/funny_chat/app/models/user.rb": [
        1,
        null,
        1,
        null,
        1,
        1,
        null,
        1,
        1,
        1,
        1,
        1,
        null,
        1,
        null,
        1,
        3,
        3,
        2,
        null,
        null,
        null,
        null,
        null,
        1,
        4,
        4,
        4,
        null,
        null,
        null
      ],
      "/Users/eastagile/code/funny_chat/config/routes.rb": [
        1,
        1,
        null,
        1,
        1,
        1,
        1,
        null,
        null,
        1,
        1,
        null,
        null,
        1,
        null,
        null,
        null,
        null,
        null,
        null,
        null,
        null,
        null,
        null,
        null,
        null,
        null,
        null,
        null,
        null,
        null,
        null,
        null,
        null,
        null,
        null,
        null,
        null,
        null,
        null,
        null,
        null,
        null,
        null,
        null,
        null,
        null,
        null,
        null,
        null,
        null,
        null,
        null,
        null,
        null,
        null,
        null,
        null,
        null,
        null,
        null,
        null,
        null,
        null,
        null,
        1,
        null,
        null,
        null,
        null,
        null,
        null,
        null
      ],
      "/Users/eastagile/code/funny_chat/spec/factories/users.rb": [
        1,
        null,
        1,
        1,
        1,
        1,
        1,
        1,
        1,
        null,
        null,
        1,
        1,
        1,
        1,
        1,
        1,
        null,
        null,
        1,
        1,
        null,
        null
      ],
      "/Users/eastagile/code/funny_chat/features/support/user_helper.rb": [
        1,
        1,
        1,
        5,
        null,
        null,
        null,
        null,
        1
      ],
      "/Users/eastagile/code/funny_chat/features/step_definitions/create_user_step.rb": [
        1,
        9,
        null,
        null,
        1,
        7,
        null,
        null,
        1,
        1,
        1,
        null,
        null,
        1,
        5,
        null,
        null,
        1,
        9,
        null,
        null,
        null,
        1,
        1,
        1,
        null,
        null,
        1,
        5,
        null,
        null,
        null,
        1,
        5,
        null,
        null,
        null,
        1,
        3,
        null,
        null
      ],
      "/Users/eastagile/code/funny_chat/features/step_definitions/user_login_step.rb": [
        null,
        1,
        3,
        null,
        null,
        1,
        2,
        2,
        null,
        null,
        1,
        1,
        null,
        null,
        1,
        1,
        null,
        null,
        1,
        1,
        1,
        null,
        null,
        1,
        1,
        null
      ],
      "/Users/eastagile/code/funny_chat/features/step_definitions/user_logout_step.rb": [
        null,
        1,
        1,
        null
      ]
    },
    "timestamp": 1350276323
  }
}
